# JRE version: Java(TM) SE Runtime Environment (7.0_65-b17) (build 1.7.0_65-b17)
# Java VM: Java HotSpot(TM) 64-Bit Server VM (24.65-b04 mixed mode linux-amd64 compressed oops)
Heap
 PSYoungGen      total 199680K, used 118023K [0x00000000ec000000, 0x00000000f8780000, 0x0000000100000000)
  eden space 196096K, 59% used [0x00000000ec000000,0x00000000f3119d20,0x00000000f7f80000)
  from space 3584K, 61% used [0x00000000f8400000,0x00000000f8628000,0x00000000f8780000)
  to   space 4096K, 0% used [0x00000000f7f80000,0x00000000f7f80000,0x00000000f8380000)
 ParOldGen       total 40960K, used 2594K [0x00000000c4000000, 0x00000000c6800000, 0x00000000ec000000)
  object space 40960K, 6% used [0x00000000c4000000,0x00000000c4288aa8,0x00000000c6800000)
 PSPermGen       total 21504K, used 5654K [0x00000000bee00000, 0x00000000c0300000, 0x00000000c4000000)
  object space 21504K, 26% used [0x00000000bee00000,0x00000000bf385858,0x00000000c0300000)
GC Heap History (10 events):
Event: 1,505 GC heap before
{Heap before GC invocations=6 (full 0):
 PSYoungGen      total 33280K, used 32080K [0x00000000ec000000, 0x00000000f0400000, 0x0000000100000000)
  eden space 30720K, 100% used [0x00000000ec000000,0x00000000ede00000,0x00000000ede00000)
  from space 2560K, 53% used [0x00000000ede00000,0x00000000edf54010,0x00000000ee080000)
  to   space 4096K, 0% used [0x00000000f0000000,0x00000000f0000000,0x00000000f0400000)
 ParOldGen       total 40960K, used 1680K [0x00000000c4000000, 0x00000000c6800000, 0x00000000ec000000)
  object space 40960K, 4% used [0x00000000c4000000,0x00000000c41a4000,0x00000000c6800000)
 PSPermGen       total 21504K, used 5623K [0x00000000bee00000, 0x00000000c0300000, 0x00000000c4000000)
  object space 21504K, 26% used [0x00000000bee00000,0x00000000bf37de78,0x00000000c0300000)
Event: 1,509 GC heap after
Heap after GC invocations=6 (full 0):
 PSYoungGen      total 65536K, used 1536K [0x00000000ec000000, 0x00000000f0400000, 0x0000000100000000)
  eden space 61440K, 0% used [0x00000000ec000000,0x00000000ec000000,0x00000000efc00000)
  from space 4096K, 37% used [0x00000000f0000000,0x00000000f0180000,0x00000000f0400000)
  to   space 4096K, 0% used [0x00000000efc00000,0x00000000efc00000,0x00000000f0000000)
 ParOldGen       total 40960K, used 1680K [0x00000000c4000000, 0x00000000c6800000, 0x00000000ec000000)
  object space 40960K, 4% used [0x00000000c4000000,0x00000000c41a4000,0x00000000c6800000)
 PSPermGen       total 21504K, used 5623K [0x00000000bee00000, 0x00000000c0300000, 0x00000000c4000000)
  object space 21504K, 26% used [0x00000000bee00000,0x00000000bf37de78,0x00000000c0300000)
}
Event: 1,657 GC heap before
{Heap before GC invocations=7 (full 0):
 PSYoungGen      total 65536K, used 62976K [0x00000000ec000000, 0x00000000f0400000, 0x0000000100000000)
  eden space 61440K, 100% used [0x00000000ec000000,0x00000000efc00000,0x00000000efc00000)
  from space 4096K, 37% used [0x00000000f0000000,0x00000000f0180000,0x00000000f0400000)
  to   space 4096K, 0% used [0x00000000efc00000,0x00000000efc00000,0x00000000f0000000)
 ParOldGen       total 40960K, used 1680K [0x00000000c4000000, 0x00000000c6800000, 0x00000000ec000000)
  object space 40960K, 4% used [0x00000000c4000000,0x00000000c41a4000,0x00000000c6800000)
 PSPermGen       total 21504K, used 5625K [0x00000000bee00000, 0x00000000c0300000, 0x00000000c4000000)
  object space 21504K, 26% used [0x00000000bee00000,0x00000000bf37e710,0x00000000c0300000)
Event: 1,661 GC heap after
Heap after GC invocations=7 (full 0):
 PSYoungGen      total 65536K, used 800K [0x00000000ec000000, 0x00000000f4000000, 0x0000000100000000)
  eden space 61440K, 0% used [0x00000000ec000000,0x00000000ec000000,0x00000000efc00000)
  from space 4096K, 19% used [0x00000000efc00000,0x00000000efcc8000,0x00000000f0000000)
  to   space 4096K, 0% used [0x00000000f3c00000,0x00000000f3c00000,0x00000000f4000000)
 ParOldGen       total 40960K, used 2421K [0x00000000c4000000, 0x00000000c6800000, 0x00000000ec000000)
  object space 40960K, 5% used [0x00000000c4000000,0x00000000c425d750,0x00000000c6800000)
 PSPermGen       total 21504K, used 5625K [0x00000000bee00000, 0x00000000c0300000, 0x00000000c4000000)
  object space 21504K, 26% used [0x00000000bee00000,0x00000000bf37e710,0x00000000c0300000)
}
Event: 1,796 GC heap before
{Heap before GC invocations=8 (full 0):
 PSYoungGen      total 65536K, used 62240K [0x00000000ec000000, 0x00000000f4000000, 0x0000000100000000)
  eden space 61440K, 100% used [0x00000000ec000000,0x00000000efc00000,0x00000000efc00000)
  from space 4096K, 19% used [0x00000000efc00000,0x00000000efcc8000,0x00000000f0000000)
  to   space 4096K, 0% used [0x00000000f3c00000,0x00000000f3c00000,0x00000000f4000000)
 ParOldGen       total 40960K, used 2421K [0x00000000c4000000, 0x00000000c6800000, 0x00000000ec000000)
  object space 40960K, 5% used [0x00000000c4000000,0x00000000c425d750,0x00000000c6800000)
 PSPermGen       total 21504K, used 5630K [0x00000000bee00000, 0x00000000c0300000, 0x00000000c4000000)
  object space 21504K, 26% used [0x00000000bee00000,0x00000000bf37f878,0x00000000c0300000)
Event: 1,802 GC heap after
Heap after GC invocations=8 (full 0):
 PSYoungGen      total 126464K, used 3456K [0x00000000ec000000, 0x00000000f4100000, 0x0000000100000000)
  eden space 122368K, 0% used [0x00000000ec000000,0x00000000ec000000,0x00000000f3780000)
  from space 4096K, 84% used [0x00000000f3c00000,0x00000000f3f60000,0x00000000f4000000)
  to   space 4608K, 0% used [0x00000000f3780000,0x00000000f3780000,0x00000000f3c00000)
 ParOldGen       total 40960K, used 2477K [0x00000000c4000000, 0x00000000c6800000, 0x00000000ec000000)
  object space 40960K, 6% used [0x00000000c4000000,0x00000000c426b750,0x00000000c6800000)
 PSPermGen       total 21504K, used 5630K [0x00000000bee00000, 0x00000000c0300000, 0x00000000c4000000)
  object space 21504K, 26% used [0x00000000bee00000,0x00000000bf37f878,0x00000000c0300000)
}
Event: 2,030 GC heap before
{Heap before GC invocations=9 (full 0):
 PSYoungGen      total 126464K, used 125824K [0x00000000ec000000, 0x00000000f4100000, 0x0000000100000000)
  eden space 122368K, 100% used [0x00000000ec000000,0x00000000f3780000,0x00000000f3780000)
  from space 4096K, 84% used [0x00000000f3c00000,0x00000000f3f60000,0x00000000f4000000)
  to   space 4608K, 0% used [0x00000000f3780000,0x00000000f3780000,0x00000000f3c00000)
 ParOldGen       total 40960K, used 2477K [0x00000000c4000000, 0x00000000c6800000, 0x00000000ec000000)
  object space 40960K, 6% used [0x00000000c4000000,0x00000000c426b750,0x00000000c6800000)
 PSPermGen       total 21504K, used 5636K [0x00000000bee00000, 0x00000000c0300000, 0x00000000c4000000)
  object space 21504K, 26% used [0x00000000bee00000,0x00000000bf3813d8,0x00000000c0300000)
Event: 2,032 GC heap after
Heap after GC invocations=9 (full 0):
 PSYoungGen      total 126976K, used 1472K [0x00000000ec000000, 0x00000000f8880000, 0x0000000100000000)
  eden space 122368K, 0% used [0x00000000ec000000,0x00000000ec000000,0x00000000f3780000)
  from space 4608K, 31% used [0x00000000f3780000,0x00000000f38f0000,0x00000000f3c00000)
  to   space 4608K, 0% used [0x00000000f8400000,0x00000000f8400000,0x00000000f8880000)
 ParOldGen       total 40960K, used 2517K [0x00000000c4000000, 0x00000000c6800000, 0x00000000ec000000)
  object space 40960K, 6% used [0x00000000c4000000,0x00000000c4275750,0x00000000c6800000)
 PSPermGen       total 21504K, used 5636K [0x00000000bee00000, 0x00000000c0300000, 0x00000000c4000000)
  object space 21504K, 26% used [0x00000000bee00000,0x00000000bf3813d8,0x00000000c0300000)
}
Event: 2,267 GC heap before
{Heap before GC invocations=10 (full 0):
 PSYoungGen      total 126976K, used 123840K [0x00000000ec000000, 0x00000000f8880000, 0x0000000100000000)
  eden space 122368K, 100% used [0x00000000ec000000,0x00000000f3780000,0x00000000f3780000)
  from space 4608K, 31% used [0x00000000f3780000,0x00000000f38f0000,0x00000000f3c00000)
  to   space 4608K, 0% used [0x00000000f8400000,0x00000000f8400000,0x00000000f8880000)
 ParOldGen       total 40960K, used 2517K [0x00000000c4000000, 0x00000000c6800000, 0x00000000ec000000)
  object space 40960K, 6% used [0x00000000c4000000,0x00000000c4275750,0x00000000c6800000)
 PSPermGen       total 21504K, used 5644K [0x00000000bee00000, 0x00000000c0300000, 0x00000000c4000000)
  object space 21504K, 26% used [0x00000000bee00000,0x00000000bf383248,0x00000000c0300000)
Event: 2,272 GC heap after
Heap after GC invocations=10 (full 0):
 PSYoungGen      total 199680K, used 2208K [0x00000000ec000000, 0x00000000f8780000, 0x0000000100000000)
  eden space 196096K, 0% used [0x00000000ec000000,0x00000000ec000000,0x00000000f7f80000)
  from space 3584K, 61% used [0x00000000f8400000,0x00000000f8628000,0x00000000f8780000)
  to   space 4096K, 0% used [0x00000000f7f80000,0x00000000f7f80000,0x00000000f8380000)
 ParOldGen       total 40960K, used 2594K [0x00000000c4000000, 0x00000000c6800000, 0x00000000ec000000)
  object space 40960K, 6% used [0x00000000c4000000,0x00000000c4288aa8,0x00000000c6800000)
 PSPermGen       total 21504K, used 5644K [0x00000000bee00000, 0x00000000c0300000, 0x00000000c4000000)
  object space 21504K, 26% used [0x00000000bee00000,0x00000000bf383248,0x00000000c0300000)
}

